Arguments: 
  /usr/local/Cellar/node/12.11.1/bin/node /usr/local/Cellar/yarn/1.19.0/libexec/bin/yarn.js add popper.js

PATH: 
  /usr/local/opt/icu4c/sbin:/usr/local/opt/icu4c/bin:/usr/local/bin:/usr/bin:/bin:/usr/sbin:/sbin:/usr/local/MacGPG2/bin:/opt/X11/bin:/Library/Frameworks/Mono.framework/Versions/Current/Commands:/Applications/Wireshark.app/Contents/MacOS

Yarn version: 
  1.19.0

Node version: 
  12.11.1

Platform: 
  darwin x64

Trace: 
  Error: getaddrinfo ENOTFOUND registry.yarnpkg.com
      at GetAddrInfoReqWrap.onlookup [as oncomplete] (dns.js:60:26)

npm manifest: 
  {
    "dependencies": {
      "office-ui-fabric-core": "^11.0.0"
    }
  }

yarn manifest: 
  No manifest

Lockfile: 
  # THIS IS AN AUTOGENERATED FILE. DO NOT EDIT THIS FILE DIRECTLY.
  # yarn lockfile v1
  
  
  office-ui-fabric-core@^11.0.0:
    version "11.0.0"
    resolved "https://registry.yarnpkg.com/office-ui-fabric-core/-/office-ui-fabric-core-11.0.0.tgz#73f43c8d1bd40e87971c7cda0ff1aa7bfa246410"
    integrity sha512-K6+KGnBXXjfSxxZpp+4oDXVLgUc//7OnXrn8F08VoJnGhEz27WUf4ZuMa32SjGoqirWlb4JlKkXbOpC9cis6dQ==
